
isaac@smartgraphics.cl
qflow@qflow.cl
isaac@smartgraphics.cl
qflow@qflow.cl
ERROR: Conecting to Database  2003 (HY000): Can't connect to MySQL server on 'localhost:3306' (99)
Email sent:  isaac@smartgraphics.cl   13/12/2023 00:00:00
Email sent:  qflow@qflow.cl   13/12/2023 00:00:00
Email sent:  isaac@smartgraphics.cl   13/12/2023 00:00:00
Email sent:  qflow@qflow.cl   13/12/2023 00:00:00
INFO: Executing script --> 15/12/2023 00:00:00
OK:  OT 207047   ['frunge@gmail.com', 'frunge@runing-ti.cl']   15/12/2023 00:00:00
OK: Updating status  OT 207047   ['frunge@gmail.com', 'frunge@runing-ti.cl']   15/12/2023 00:00:00
OK:  OT 207048   ['frunge@gmail.com', 'frunge@runing-ti.cl']   15/12/2023 00:00:00
OK: Updating status  OT 207048   ['frunge@gmail.com', 'frunge@runing-ti.cl']   15/12/2023 00:00:00
OK:  OT 207044   ['frunge@gmail.com', 'isaacjpg@gmail.com']   15/12/2023 00:00:00
OK: Updating status  OT 207044   ['frunge@gmail.com', 'isaacjpg@gmail.com']   15/12/2023 00:00:00
OK:  OT 206903   ['frunge@gmail.com', 'frunge@runing-ti.cl']   15/12/2023 00:00:00
OK: Updating status  OT 206903   ['frunge@gmail.com', 'frunge@runing-ti.cl']   15/12/2023 00:00:00
INFO: End script --> 15/12/2023 00:00:00
INFO: Executing script --> 15/12/2023 00:00:00
OK:  OT 207047   ['frunge@gmail.com', 'frunge@runing-ti.cl']   15/12/2023 00:00:00
OK: Updating status  OT 207047   ['frunge@gmail.com', 'frunge@runing-ti.cl']   15/12/2023 00:00:00
OK:  OT 207048   ['frunge@gmail.com', 'frunge@runing-ti.cl']   15/12/2023 00:00:00
OK: Updating status  OT 207048   ['frunge@gmail.com', 'frunge@runing-ti.cl']   15/12/2023 00:00:00
OK:  OT 207044   ['frunge@gmail.com', 'isaacjpg@gmail.com']   15/12/2023 00:00:00
OK: Updating status  OT 207044   ['frunge@gmail.com', 'isaacjpg@gmail.com']   15/12/2023 00:00:00
OK:  OT 206903   ['frunge@gmail.com', 'frunge@runing-ti.cl']   15/12/2023 00:00:00
OK: Updating status  OT 206903   ['frunge@gmail.com', 'frunge@runing-ti.cl']   15/12/2023 00:00:00
INFO: End script --> 15/12/2023 00:00:00
INFO: Executing script --> 15/12/2023 00:00:00
OK:  OT 207047   ['frunge@gmail.com', 'frunge@runing-ti.cl']   15/12/2023 00:00:00
OK: Updating status  OT 207047   ['frunge@gmail.com', 'frunge@runing-ti.cl']   15/12/2023 00:00:00
OK:  OT 207048   ['frunge@gmail.com', 'frunge@runing-ti.cl']   15/12/2023 00:00:00
OK: Updating status  OT 207048   ['frunge@gmail.com', 'frunge@runing-ti.cl']   15/12/2023 00:00:00
OK:  OT 207044   ['frunge@gmail.com', 'isaacjpg@gmail.com']   15/12/2023 00:00:00
OK: Updating status  OT 207044   ['frunge@gmail.com', 'isaacjpg@gmail.com']   15/12/2023 00:00:00
OK:  OT 206903   ['frunge@gmail.com', 'frunge@runing-ti.cl']   15/12/2023 00:00:00
OK: Updating status  OT 206903   ['frunge@gmail.com', 'frunge@runing-ti.cl']   15/12/2023 00:00:00
INFO: End script --> 15/12/2023 00:00:00
INFO: Executing script --> 15/12/2023 00:00:00
OK:  OT 207047   ['frunge@gmail.com', 'frunge@runing-ti.cl']   15/12/2023 00:00:00
OK: Updating status  OT 207047   ['frunge@gmail.com', 'frunge@runing-ti.cl']   15/12/2023 00:00:00
OK:  OT 207048   ['frunge@gmail.com', 'frunge@runing-ti.cl']   15/12/2023 00:00:00
OK: Updating status  OT 207048   ['frunge@gmail.com', 'frunge@runing-ti.cl']   15/12/2023 00:00:00
OK:  OT 207044   ['frunge@gmail.com', 'isaacjpg@gmail.com']   15/12/2023 00:00:00
OK: Updating status  OT 207044   ['frunge@gmail.com', 'isaacjpg@gmail.com']   15/12/2023 00:00:00
OK:  OT 206903   ['frunge@gmail.com', 'frunge@runing-ti.cl']   15/12/2023 00:00:00
OK: Updating status  OT 206903   ['frunge@gmail.com', 'frunge@runing-ti.cl']   15/12/2023 00:00:00
INFO: End script --> 15/12/2023 00:00:00
INFO: Executing script --> 15/12/2023 00:00:00
OK:  OT 207047   ['frunge@gmail.com', 'frunge@runing-ti.cl']   15/12/2023 00:00:00
OK: Updating status  OT 207047   ['frunge@gmail.com', 'frunge@runing-ti.cl']   15/12/2023 00:00:00
OK:  OT 207048   ['frunge@gmail.com', 'frunge@runing-ti.cl']   15/12/2023 00:00:00
OK: Updating status  OT 207048   ['frunge@gmail.com', 'frunge@runing-ti.cl']   15/12/2023 00:00:00
OK:  OT 207044   ['frunge@gmail.com', 'isaacjpg@gmail.com']   15/12/2023 00:00:00
OK: Updating status  OT 207044   ['frunge@gmail.com', 'isaacjpg@gmail.com']   15/12/2023 00:00:00
OK:  OT 206903   ['frunge@gmail.com', 'frunge@runing-ti.cl']   15/12/2023 00:00:00
OK: Updating status  OT 206903   ['frunge@gmail.com', 'frunge@runing-ti.cl']   15/12/2023 00:00:00
INFO: End script --> 15/12/2023 00:00:00
INFO: Executing script --> 15/12/2023 00:00:00
OK:  OT 207047   ['frunge@gmail.com', 'frunge@runing-ti.cl']   15/12/2023 00:00:00
OK: Updating status  OT 207047   ['frunge@gmail.com', 'frunge@runing-ti.cl']   15/12/2023 00:00:00
OK:  OT 207048   ['frunge@gmail.com', 'frunge@runing-ti.cl']   15/12/2023 00:00:00
OK: Updating status  OT 207048   ['frunge@gmail.com', 'frunge@runing-ti.cl']   15/12/2023 00:00:00
OK:  OT 207044   ['frunge@gmail.com', 'isaacjpg@gmail.com']   15/12/2023 00:00:00
OK: Updating status  OT 207044   ['frunge@gmail.com', 'isaacjpg@gmail.com']   15/12/2023 00:00:00
OK:  OT 206903   ['frunge@gmail.com', 'frunge@runing-ti.cl']   15/12/2023 00:00:00
OK: Updating status  OT 206903   ['frunge@gmail.com', 'frunge@runing-ti.cl']   15/12/2023 00:00:00
INFO: End script --> 15/12/2023 00:00:00
INFO: Executing script --> 15/12/2023 00:00:00
OK:  OT 207047   ['frunge@gmail.com', 'frunge@runing-ti.cl']   15/12/2023 00:00:00
OK: Updating status  OT 207047   ['frunge@gmail.com', 'frunge@runing-ti.cl']   15/12/2023 00:00:00
OK:  OT 207048   ['frunge@gmail.com', 'frunge@runing-ti.cl']   15/12/2023 00:00:00
OK: Updating status  OT 207048   ['frunge@gmail.com', 'frunge@runing-ti.cl']   15/12/2023 00:00:00
OK:  OT 207044   ['frunge@gmail.com', 'isaacjpg@gmail.com']   15/12/2023 00:00:00
OK: Updating status  OT 207044   ['frunge@gmail.com', 'isaacjpg@gmail.com']   15/12/2023 00:00:00
OK:  OT 206903   ['frunge@gmail.com', 'frunge@runing-ti.cl']   15/12/2023 00:00:00
OK: Updating status  OT 206903   ['frunge@gmail.com', 'frunge@runing-ti.cl']   15/12/2023 00:00:00
INFO: End script --> 15/12/2023 00:00:00
INFO: Executing script --> 15/12/2023 22:01:01
OK:  OT 207047   ['frunge@gmail.com', 'frunge@runing-ti.cl']   15/12/2023 22:01:05
OK: Updating status  OT 207047   ['frunge@gmail.com', 'frunge@runing-ti.cl']   15/12/2023 22:01:05
OK:  OT 207048   ['frunge@gmail.com', 'frunge@runing-ti.cl']   15/12/2023 22:01:06
OK: Updating status  OT 207048   ['frunge@gmail.com', 'frunge@runing-ti.cl']   15/12/2023 22:01:06
OK:  OT 207044   ['frunge@gmail.com', 'isaacjpg@gmail.com']   15/12/2023 22:01:07
OK: Updating status  OT 207044   ['frunge@gmail.com', 'isaacjpg@gmail.com']   15/12/2023 22:01:07
OK:  OT 206903   ['frunge@gmail.com', 'frunge@runing-ti.cl']   15/12/2023 22:01:09
OK: Updating status  OT 206903   ['frunge@gmail.com', 'frunge@runing-ti.cl']   15/12/2023 22:01:09
INFO: End script --> 15/12/2023 22:01:09
INFO: Executing script --> 15/12/2023 22:02:01
OK:  OT 207047   ['frunge@gmail.com', 'frunge@runing-ti.cl']   15/12/2023 22:02:04
OK: Updating status  OT 207047   ['frunge@gmail.com', 'frunge@runing-ti.cl']   15/12/2023 22:02:04
OK:  OT 207048   ['frunge@gmail.com', 'frunge@runing-ti.cl']   15/12/2023 22:02:06
OK: Updating status  OT 207048   ['frunge@gmail.com', 'frunge@runing-ti.cl']   15/12/2023 22:02:06
OK:  OT 207044   ['frunge@gmail.com', 'isaacjpg@gmail.com']   15/12/2023 22:02:07
OK: Updating status  OT 207044   ['frunge@gmail.com', 'isaacjpg@gmail.com']   15/12/2023 22:02:07
OK:  OT 206903   ['frunge@gmail.com', 'frunge@runing-ti.cl']   15/12/2023 22:02:09
OK: Updating status  OT 206903   ['frunge@gmail.com', 'frunge@runing-ti.cl']   15/12/2023 22:02:09
INFO: End script --> 15/12/2023 22:02:09
INFO: Executing script --> 15/12/2023 22:03:01
OK:  OT 207047   ['frunge@gmail.com', 'frunge@runing-ti.cl']   15/12/2023 22:03:04
OK: Updating status  OT 207047   ['frunge@gmail.com', 'frunge@runing-ti.cl']   15/12/2023 22:03:04
OK:  OT 207048   ['frunge@gmail.com', 'frunge@runing-ti.cl']   15/12/2023 22:03:05
OK: Updating status  OT 207048   ['frunge@gmail.com', 'frunge@runing-ti.cl']   15/12/2023 22:03:05
OK:  OT 207044   ['frunge@gmail.com', 'isaacjpg@gmail.com']   15/12/2023 22:03:06
OK: Updating status  OT 207044   ['frunge@gmail.com', 'isaacjpg@gmail.com']   15/12/2023 22:03:06
OK:  OT 206903   ['frunge@gmail.com', 'frunge@runing-ti.cl']   15/12/2023 22:03:07
OK: Updating status  OT 206903   ['frunge@gmail.com', 'frunge@runing-ti.cl']   15/12/2023 22:03:07
INFO: End script --> 15/12/2023 22:03:08
INFO: Executing script --> 15/12/2023 22:04:01
OK:  OT 207047   ['frunge@gmail.com', 'frunge@runing-ti.cl']   15/12/2023 22:04:04
OK: Updating status  OT 207047   ['frunge@gmail.com', 'frunge@runing-ti.cl']   15/12/2023 22:04:04
OK:  OT 207048   ['frunge@gmail.com', 'frunge@runing-ti.cl']   15/12/2023 22:04:05
OK: Updating status  OT 207048   ['frunge@gmail.com', 'frunge@runing-ti.cl']   15/12/2023 22:04:05
OK:  OT 207044   ['frunge@gmail.com', 'isaacjpg@gmail.com']   15/12/2023 22:04:06
OK: Updating status  OT 207044   ['frunge@gmail.com', 'isaacjpg@gmail.com']   15/12/2023 22:04:06
OK:  OT 206903   ['frunge@gmail.com', 'frunge@runing-ti.cl']   15/12/2023 22:04:08
OK: Updating status  OT 206903   ['frunge@gmail.com', 'frunge@runing-ti.cl']   15/12/2023 22:04:08
INFO: End script --> 15/12/2023 22:04:08
INFO: Executing script --> 15/12/2023 22:07:01
OK:  OT 207047   ['frunge@gmail.com', 'frunge@runing-ti.cl']   15/12/2023 22:07:04
OK: Updating status  OT 207047   ['frunge@gmail.com', 'frunge@runing-ti.cl']   15/12/2023 22:07:04
OK:  OT 207048   ['frunge@gmail.com', 'frunge@runing-ti.cl']   15/12/2023 22:07:05
OK: Updating status  OT 207048   ['frunge@gmail.com', 'frunge@runing-ti.cl']   15/12/2023 22:07:05
OK:  OT 207044   ['frunge@gmail.com', 'isaacjpg@gmail.com']   15/12/2023 22:07:06
OK: Updating status  OT 207044   ['frunge@gmail.com', 'isaacjpg@gmail.com']   15/12/2023 22:07:06
OK:  OT 206903   ['frunge@gmail.com', 'frunge@runing-ti.cl']   15/12/2023 22:07:08
OK: Updating status  OT 206903   ['frunge@gmail.com', 'frunge@runing-ti.cl']   15/12/2023 22:07:08
INFO: End script --> 15/12/2023 22:07:08
INFO: Executing script --> 15/12/2023 22:08:01
INFO: End script --> 15/12/2023 22:08:03
INFO: Executing script --> 15/12/2023 22:09:01
INFO: End script --> 15/12/2023 22:09:03
INFO: Executing script --> 15/12/2023 22:10:01
INFO: End script --> 15/12/2023 22:10:04
INFO: Executing script --> 15/12/2023 22:11:01
INFO: End script --> 15/12/2023 22:11:03
INFO: Executing script --> 15/12/2023 22:12:01
OK:  OT 207048   ['frunge@gmail.com', 'frunge@runing-ti.cl']   15/12/2023 22:12:04
OK: Updating status  OT 207048   ['frunge@gmail.com', 'frunge@runing-ti.cl']   15/12/2023 22:12:04
INFO: End script --> 15/12/2023 22:12:04
INFO: Executing script --> 15/12/2023 22:13:02
INFO: End script --> 15/12/2023 22:13:04
INFO: Executing script --> 15/12/2023 22:14:01
INFO: End script --> 15/12/2023 22:14:03
INFO: Executing script --> 15/12/2023 22:15:01
INFO: End script --> 15/12/2023 22:15:04
INFO: Executing script --> 15/12/2023 22:16:01
INFO: End script --> 15/12/2023 22:16:06
INFO: Executing script --> 15/12/2023 22:17:01
INFO: End script --> 15/12/2023 22:17:03
INFO: Executing script --> 15/12/2023 22:18:01
INFO: End script --> 15/12/2023 22:18:03
INFO: Executing script --> 15/12/2023 22:19:01
INFO: End script --> 15/12/2023 22:19:04
INFO: Executing script --> 15/12/2023 22:20:01
INFO: End script --> 15/12/2023 22:20:03
INFO: Executing script --> 15/12/2023 22:21:01
INFO: End script --> 15/12/2023 22:21:03
INFO: Executing script --> 15/12/2023 22:22:01
INFO: End script --> 15/12/2023 22:22:04
INFO: Executing script --> 15/12/2023 22:23:01
INFO: End script --> 15/12/2023 22:23:03
INFO: Executing script --> 15/12/2023 22:24:01
INFO: End script --> 15/12/2023 22:24:03
INFO: Executing script --> 15/12/2023 22:25:01
INFO: End script --> 15/12/2023 22:25:03
INFO: Executing script --> 15/12/2023 22:26:02
INFO: End script --> 15/12/2023 22:26:04
INFO: Executing script --> 15/12/2023 22:27:01
INFO: End script --> 15/12/2023 22:27:03
INFO: Executing script --> 15/12/2023 22:28:01
INFO: End script --> 15/12/2023 22:28:03
INFO: Executing script --> 15/12/2023 22:29:01
INFO: End script --> 15/12/2023 22:29:04
INFO: Executing script --> 15/12/2023 22:30:01
INFO: End script --> 15/12/2023 22:30:03
INFO: Executing script --> 15/12/2023 22:31:01
INFO: End script --> 15/12/2023 22:31:03
INFO: Executing script --> 15/12/2023 22:32:01
INFO: End script --> 15/12/2023 22:32:03
INFO: Executing script --> 15/12/2023 22:33:02
INFO: End script --> 15/12/2023 22:33:04
INFO: Executing script --> 15/12/2023 22:34:01
INFO: End script --> 15/12/2023 22:34:03
INFO: Executing script --> 15/12/2023 22:35:01
INFO: End script --> 15/12/2023 22:35:03
INFO: Executing script --> 15/12/2023 22:36:01
INFO: End script --> 15/12/2023 22:36:03
INFO: Executing script --> 15/12/2023 22:37:02
INFO: End script --> 15/12/2023 22:37:04
INFO: Executing script --> 15/12/2023 22:38:01
INFO: End script --> 15/12/2023 22:38:03
INFO: Executing script --> 15/12/2023 22:39:01
INFO: End script --> 15/12/2023 22:39:04
INFO: Executing script --> 15/12/2023 22:40:01
INFO: End script --> 15/12/2023 22:40:03
INFO: Executing script --> 15/12/2023 22:41:01
INFO: End script --> 15/12/2023 22:41:03
INFO: Executing script --> 15/12/2023 22:42:01
INFO: End script --> 15/12/2023 22:42:03
INFO: Executing script --> 15/12/2023 22:43:02
INFO: End script --> 15/12/2023 22:43:04
INFO: Executing script --> 15/12/2023 22:44:01
INFO: End script --> 15/12/2023 22:44:03
INFO: Executing script --> 15/12/2023 22:45:01
INFO: End script --> 15/12/2023 22:45:03
INFO: Executing script --> 15/12/2023 22:46:01
INFO: End script --> 15/12/2023 22:46:03
INFO: Executing script --> 15/12/2023 22:47:01
INFO: End script --> 15/12/2023 22:47:04
INFO: Executing script --> 15/12/2023 22:48:01
INFO: End script --> 15/12/2023 22:48:03
INFO: Executing script --> 15/12/2023 22:49:01
INFO: End script --> 15/12/2023 22:49:03
INFO: Executing script --> 15/12/2023 22:50:01
INFO: End script --> 15/12/2023 22:50:03
INFO: Executing script --> 15/12/2023 22:51:01
INFO: End script --> 15/12/2023 22:51:04
INFO: Executing script --> 15/12/2023 22:52:01
INFO: End script --> 15/12/2023 22:52:03
INFO: Executing script --> 15/12/2023 22:53:01
INFO: End script --> 15/12/2023 22:53:03
INFO: Executing script --> 15/12/2023 22:54:01
INFO: End script --> 15/12/2023 22:54:03
INFO: Executing script --> 15/12/2023 22:55:01
INFO: End script --> 15/12/2023 22:55:04
INFO: Executing script --> 15/12/2023 22:56:01
INFO: End script --> 15/12/2023 22:56:03
INFO: Executing script --> 15/12/2023 22:57:01
INFO: End script --> 15/12/2023 22:57:03
INFO: Executing script --> 15/12/2023 22:58:01
INFO: End script --> 15/12/2023 22:58:04
INFO: Executing script --> 15/12/2023 22:59:01
INFO: End script --> 15/12/2023 22:59:03
INFO: Executing script --> 15/12/2023 23:00:01
INFO: End script --> 15/12/2023 23:00:03
INFO: Executing script --> 15/12/2023 23:01:01
INFO: End script --> 15/12/2023 23:01:03
INFO: Executing script --> 15/12/2023 23:02:01
INFO: End script --> 15/12/2023 23:02:04
INFO: Executing script --> 15/12/2023 23:03:01
INFO: End script --> 15/12/2023 23:03:03
INFO: Executing script --> 15/12/2023 23:04:01
INFO: End script --> 15/12/2023 23:04:03
INFO: Executing script --> 15/12/2023 23:05:01
INFO: End script --> 15/12/2023 23:05:04
INFO: Executing script --> 15/12/2023 23:06:01
INFO: End script --> 15/12/2023 23:06:03
INFO: Executing script --> 15/12/2023 23:07:01
INFO: End script --> 15/12/2023 23:07:03
INFO: Executing script --> 15/12/2023 23:08:01
INFO: End script --> 15/12/2023 23:08:03
INFO: Executing script --> 15/12/2023 23:09:01
INFO: End script --> 15/12/2023 23:09:04
INFO: Executing script --> 15/12/2023 23:10:01
INFO: End script --> 15/12/2023 23:10:03
INFO: Executing script --> 15/12/2023 23:11:01
INFO: End script --> 15/12/2023 23:11:03
INFO: Executing script --> 15/12/2023 23:12:01
INFO: End script --> 15/12/2023 23:12:03
INFO: Executing script --> 15/12/2023 23:13:01
INFO: End script --> 15/12/2023 23:13:04
INFO: Executing script --> 15/12/2023 23:14:01
INFO: End script --> 15/12/2023 23:14:03
INFO: Executing script --> 15/12/2023 23:15:01
INFO: End script --> 15/12/2023 23:15:03
INFO: Executing script --> 15/12/2023 23:16:01
INFO: End script --> 15/12/2023 23:16:03
INFO: Executing script --> 15/12/2023 23:17:02
INFO: End script --> 15/12/2023 23:17:04
INFO: Executing script --> 15/12/2023 23:18:01
INFO: End script --> 15/12/2023 23:18:03
INFO: Executing script --> 15/12/2023 23:19:01
INFO: End script --> 15/12/2023 23:19:03
INFO: Executing script --> 15/12/2023 23:20:01
INFO: End script --> 15/12/2023 23:20:03
INFO: Executing script --> 15/12/2023 23:21:01
INFO: End script --> 15/12/2023 23:21:04
INFO: Executing script --> 15/12/2023 23:22:01
INFO: End script --> 15/12/2023 23:22:03
INFO: Executing script --> 15/12/2023 23:23:01
INFO: End script --> 15/12/2023 23:23:03
INFO: Executing script --> 15/12/2023 23:24:01
INFO: End script --> 15/12/2023 23:24:03
INFO: Executing script --> 15/12/2023 23:25:01
INFO: End script --> 15/12/2023 23:25:04
INFO: Executing script --> 15/12/2023 23:26:01
INFO: End script --> 15/12/2023 23:26:03
INFO: Executing script --> 15/12/2023 23:27:01
INFO: End script --> 15/12/2023 23:27:03
INFO: Executing script --> 15/12/2023 23:28:01
INFO: End script --> 15/12/2023 23:28:03
INFO: Executing script --> 15/12/2023 23:29:01
INFO: End script --> 15/12/2023 23:29:03
INFO: Executing script --> 15/12/2023 23:30:01
INFO: End script --> 15/12/2023 23:30:03
INFO: Executing script --> 15/12/2023 23:31:01
INFO: End script --> 15/12/2023 23:31:03
INFO: Executing script --> 15/12/2023 23:32:01
INFO: End script --> 15/12/2023 23:32:03
INFO: Executing script --> 15/12/2023 23:33:01
INFO: End script --> 15/12/2023 23:33:03
INFO: Executing script --> 15/12/2023 23:34:02
INFO: End script --> 15/12/2023 23:34:04
INFO: Executing script --> 15/12/2023 23:35:01
INFO: End script --> 15/12/2023 23:35:03
INFO: Executing script --> 16/12/2023 21:56:47
ERROR: Conecting to SMTP  [Errno -3] Temporary failure in name resolution --> 16/12/2023 21:56:52
INFO: Executing script --> 16/12/2023 21:57:01
ERROR: Conecting to SMTP  [Errno -3] Temporary failure in name resolution --> 16/12/2023 21:57:02
INFO: Executing script --> 27/12/2023 14:23:55
INFO: End script --> 27/12/2023 14:24:02
INFO: Executing script --> 27/12/2023 14:24:01
INFO: End script --> 27/12/2023 14:24:03
INFO: Executing script --> 27/12/2023 14:25:01
INFO: End script --> 27/12/2023 14:25:03
INFO: Executing script --> 27/12/2023 14:26:01
INFO: End script --> 27/12/2023 14:26:04
INFO: Executing script --> 27/12/2023 14:27:01
INFO: End script --> 27/12/2023 14:27:03
INFO: Executing script --> 27/12/2023 14:28:01
INFO: End script --> 27/12/2023 14:28:04
INFO: Executing script --> 27/12/2023 14:29:01
INFO: End script --> 27/12/2023 14:29:03
INFO: Executing script --> 27/12/2023 14:30:02
INFO: End script --> 27/12/2023 14:30:04
INFO: Executing script --> 27/12/2023 14:31:01
INFO: End script --> 27/12/2023 14:31:03
INFO: Executing script --> 27/12/2023 14:32:01
INFO: End script --> 27/12/2023 14:32:03
INFO: Executing script --> 27/12/2023 14:33:01
INFO: End script --> 27/12/2023 14:33:04
INFO: Executing script --> 27/12/2023 14:34:01
INFO: End script --> 27/12/2023 14:34:03
INFO: Executing script --> 27/12/2023 14:35:01
INFO: End script --> 27/12/2023 14:35:03
INFO: Executing script --> 27/12/2023 14:36:01
INFO: End script --> 27/12/2023 14:36:03
INFO: Executing script --> 27/12/2023 14:37:02
INFO: End script --> 27/12/2023 14:37:04
INFO: Executing script --> 27/12/2023 14:38:01
INFO: End script --> 27/12/2023 14:38:03
INFO: Executing script --> 27/12/2023 14:39:01
INFO: End script --> 27/12/2023 14:39:03
INFO: Executing script --> 27/12/2023 14:40:02
INFO: End script --> 27/12/2023 14:40:04
INFO: Executing script --> 27/12/2023 14:41:01
INFO: End script --> 27/12/2023 14:41:03
INFO: Executing script --> 27/12/2023 14:42:01
INFO: End script --> 27/12/2023 14:42:03
INFO: Executing script --> 27/12/2023 14:43:01
INFO: End script --> 27/12/2023 14:43:04
INFO: Executing script --> 27/12/2023 14:44:01
INFO: End script --> 27/12/2023 14:44:03
INFO: Executing script --> 27/12/2023 14:45:01
INFO: End script --> 27/12/2023 14:45:03
INFO: Executing script --> 27/12/2023 14:46:01
INFO: End script --> 27/12/2023 14:46:04
INFO: Executing script --> 27/12/2023 14:47:01
INFO: End script --> 27/12/2023 14:47:03
INFO: Executing script --> 27/12/2023 14:48:01
INFO: End script --> 27/12/2023 14:48:04
INFO: Executing script --> 27/12/2023 14:49:01
INFO: End script --> 27/12/2023 14:49:03
INFO: Executing script --> 27/12/2023 14:50:01
INFO: End script --> 27/12/2023 14:50:03
INFO: Executing script --> 27/12/2023 14:51:01
INFO: End script --> 27/12/2023 14:51:04
INFO: Executing script --> 27/12/2023 14:52:01
INFO: End script --> 27/12/2023 14:52:03
INFO: Executing script --> 27/12/2023 14:53:01
INFO: End script --> 27/12/2023 14:53:03
INFO: Executing script --> 27/12/2023 14:54:01
INFO: End script --> 27/12/2023 14:54:04
INFO: Executing script --> 27/12/2023 14:55:01
INFO: End script --> 27/12/2023 14:55:03
INFO: Executing script --> 27/12/2023 14:56:01
INFO: End script --> 27/12/2023 14:56:03
INFO: Executing script --> 27/12/2023 14:57:01
INFO: End script --> 27/12/2023 14:57:04
INFO: Executing script --> 27/12/2023 14:58:01
INFO: End script --> 27/12/2023 14:58:03
INFO: Executing script --> 27/12/2023 14:59:01
INFO: End script --> 27/12/2023 14:59:03
INFO: Executing script --> 27/12/2023 15:00:01
INFO: End script --> 27/12/2023 15:00:04
INFO: Executing script --> 27/12/2023 15:01:01
INFO: End script --> 27/12/2023 15:01:03
INFO: Executing script --> 27/12/2023 15:02:01
INFO: End script --> 27/12/2023 15:02:03
INFO: Executing script --> 27/12/2023 15:03:02
INFO: End script --> 27/12/2023 15:03:04
INFO: Executing script --> 27/12/2023 15:04:01
INFO: End script --> 27/12/2023 15:04:03
INFO: Executing script --> 27/12/2023 15:05:01
INFO: End script --> 27/12/2023 15:05:03
INFO: Executing script --> 27/12/2023 15:06:02
INFO: End script --> 27/12/2023 15:06:04
INFO: Executing script --> 27/12/2023 15:07:01
INFO: End script --> 27/12/2023 15:07:03
INFO: Executing script --> 27/12/2023 15:08:01
INFO: End script --> 27/12/2023 15:08:04
INFO: Executing script --> 27/12/2023 15:09:01
INFO: End script --> 27/12/2023 15:09:04
INFO: Executing script --> 27/12/2023 15:10:01
INFO: End script --> 27/12/2023 15:10:03
INFO: Executing script --> 27/12/2023 15:11:01
INFO: End script --> 27/12/2023 15:11:03
INFO: Executing script --> 27/12/2023 15:12:01
INFO: End script --> 27/12/2023 15:12:04
INFO: Executing script --> 27/12/2023 15:13:01
INFO: End script --> 27/12/2023 15:13:03
INFO: Executing script --> 27/12/2023 15:14:01
INFO: End script --> 27/12/2023 15:14:03
INFO: Executing script --> 27/12/2023 15:15:01
INFO: End script --> 27/12/2023 15:15:03
INFO: Executing script --> 27/12/2023 15:16:02
INFO: End script --> 27/12/2023 15:16:04
INFO: Executing script --> 27/12/2023 15:17:01
INFO: End script --> 27/12/2023 15:17:03
INFO: Executing script --> 27/12/2023 15:18:01
OK:  OT 206938   ['frunge@gmail.com', 'jmstanley@imiflex.cl', 'mvalenzuela@imiflex.cl', 'cgutierrez@imiflex.cl']   27/12/2023 15:18:05
OK: Updating status  OT 206938   ['frunge@gmail.com', 'jmstanley@imiflex.cl', 'mvalenzuela@imiflex.cl', 'cgutierrez@imiflex.cl']   27/12/2023 15:18:05
OK:  OT 206940   ['frunge@gmail.com', 'jmstanley@imiflex.cl', 'mvalenzuela@imiflex.cl', 'cgutierrez@imiflex.cl']   27/12/2023 15:18:07
OK: Updating status  OT 206940   ['frunge@gmail.com', 'jmstanley@imiflex.cl', 'mvalenzuela@imiflex.cl', 'cgutierrez@imiflex.cl']   27/12/2023 15:18:07
OK:  OT 207057   ['frunge@gmail.com', 'jmstanley@imiflex.cl', 'mvalenzuela@imiflex.cl', 'cgutierrez@imiflex.cl']   27/12/2023 15:18:08
OK: Updating status  OT 207057   ['frunge@gmail.com', 'jmstanley@imiflex.cl', 'mvalenzuela@imiflex.cl', 'cgutierrez@imiflex.cl']   27/12/2023 15:18:08
INFO: End script --> 27/12/2023 15:18:09
INFO: Executing script --> 27/12/2023 15:19:01
INFO: End script --> 27/12/2023 15:19:03
INFO: Executing script --> 27/12/2023 15:20:02
INFO: End script --> 27/12/2023 15:20:05
INFO: Executing script --> 27/12/2023 15:21:01
INFO: End script --> 27/12/2023 15:21:03
INFO: Executing script --> 27/12/2023 15:22:01
OK:  OT 207057   ['frunge@gmail.com', 'jmstanley@imiflex.cl', 'mvalenzuela@imiflex.cl', 'cgutierrez@imiflex.cl', 'asepulveda@imicar.cl', 'isaac@smartgraphics.cl']   27/12/2023 15:22:05
OK: Updating status  OT 207057   ['frunge@gmail.com', 'jmstanley@imiflex.cl', 'mvalenzuela@imiflex.cl', 'cgutierrez@imiflex.cl', 'asepulveda@imicar.cl', 'isaac@smartgraphics.cl']   27/12/2023 15:22:05
INFO: End script --> 27/12/2023 15:22:06
INFO: Executing script --> 27/12/2023 15:23:01
ERROR: Conecting to SMTP  [Errno -3] Temporary failure in name resolution --> 27/12/2023 15:23:16
INFO: Executing script --> 27/12/2023 15:24:01
INFO: End script --> 27/12/2023 15:24:04
INFO: Executing script --> 27/12/2023 15:25:01
INFO: End script --> 27/12/2023 15:25:03
INFO: Executing script --> 27/12/2023 15:26:01
INFO: End script --> 27/12/2023 15:26:03
INFO: Executing script --> 27/12/2023 15:27:01
INFO: End script --> 27/12/2023 15:27:04
INFO: Executing script --> 27/12/2023 15:28:01
INFO: End script --> 27/12/2023 15:28:03
INFO: Executing script --> 27/12/2023 15:29:01
INFO: End script --> 27/12/2023 15:29:03
INFO: Executing script --> 27/12/2023 15:30:01
INFO: End script --> 27/12/2023 15:30:04
INFO: Executing script --> 27/12/2023 15:31:01
INFO: End script --> 27/12/2023 15:31:03
INFO: Executing script --> 27/12/2023 15:32:01
INFO: End script --> 27/12/2023 15:32:04
INFO: Executing script --> 27/12/2023 15:33:01
INFO: End script --> 27/12/2023 15:33:03
INFO: Executing script --> 27/12/2023 15:34:01
INFO: End script --> 27/12/2023 15:34:03
INFO: Executing script --> 27/12/2023 15:35:02
INFO: End script --> 27/12/2023 15:35:04
INFO: Executing script --> 27/12/2023 15:36:01
INFO: End script --> 27/12/2023 15:36:03
INFO: Executing script --> 27/12/2023 15:37:01
INFO: End script --> 27/12/2023 15:37:03
INFO: Executing script --> 27/12/2023 15:38:02
INFO: End script --> 27/12/2023 15:38:04
INFO: Executing script --> 27/12/2023 15:39:01
INFO: End script --> 27/12/2023 15:39:03
INFO: Executing script --> 27/12/2023 15:40:01
INFO: End script --> 27/12/2023 15:40:03
INFO: Executing script --> 27/12/2023 15:41:01
INFO: End script --> 27/12/2023 15:41:04
INFO: Executing script --> 27/12/2023 15:42:01
INFO: End script --> 27/12/2023 15:42:03
INFO: Executing script --> 27/12/2023 15:43:01
INFO: End script --> 27/12/2023 15:43:03
INFO: Executing script --> 27/12/2023 15:44:01
INFO: End script --> 27/12/2023 15:44:04
INFO: Executing script --> 27/12/2023 15:45:01
INFO: End script --> 27/12/2023 15:45:03
INFO: Executing script --> 27/12/2023 15:46:01
INFO: End script --> 27/12/2023 15:46:03
INFO: Executing script --> 27/12/2023 15:47:01
INFO: End script --> 27/12/2023 15:47:03
INFO: Executing script --> 27/12/2023 15:48:02
INFO: End script --> 27/12/2023 15:48:04
INFO: Executing script --> 27/12/2023 15:49:01
INFO: End script --> 27/12/2023 15:49:03
INFO: Executing script --> 27/12/2023 15:50:01
INFO: End script --> 27/12/2023 15:50:03
INFO: Executing script --> 27/12/2023 15:51:02
INFO: End script --> 27/12/2023 15:51:04
INFO: Executing script --> 27/12/2023 15:52:01
INFO: End script --> 27/12/2023 15:52:03
INFO: Executing script --> 27/12/2023 15:53:01
INFO: End script --> 27/12/2023 15:53:03
INFO: Executing script --> 27/12/2023 15:54:01
INFO: End script --> 27/12/2023 15:54:03
INFO: Executing script --> 27/12/2023 15:55:02
INFO: End script --> 27/12/2023 15:55:04
INFO: Executing script --> 27/12/2023 15:56:01
INFO: End script --> 27/12/2023 15:56:03
INFO: Executing script --> 27/12/2023 15:57:01
INFO: End script --> 27/12/2023 15:57:03
INFO: Executing script --> 27/12/2023 15:58:01
INFO: End script --> 27/12/2023 15:58:04
INFO: Executing script --> 27/12/2023 15:59:01
INFO: End script --> 27/12/2023 15:59:03
INFO: Executing script --> 27/12/2023 16:00:01
INFO: End script --> 27/12/2023 16:00:03
INFO: Executing script --> 27/12/2023 16:01:01
INFO: End script --> 27/12/2023 16:01:04
INFO: Executing script --> 27/12/2023 16:02:01
INFO: End script --> 27/12/2023 16:02:03
INFO: Executing script --> 27/12/2023 16:03:01
INFO: End script --> 27/12/2023 16:03:03
INFO: Executing script --> 27/12/2023 16:04:01
INFO: End script --> 27/12/2023 16:04:04
INFO: Executing script --> 27/12/2023 16:05:01
INFO: End script --> 27/12/2023 16:05:03
INFO: Executing script --> 27/12/2023 16:06:01
INFO: End script --> 27/12/2023 16:06:03
INFO: Executing script --> 27/12/2023 16:07:01
INFO: End script --> 27/12/2023 16:07:04
INFO: Executing script --> 27/12/2023 16:08:01
INFO: End script --> 27/12/2023 16:08:03
INFO: Executing script --> 27/12/2023 16:09:01
INFO: End script --> 27/12/2023 16:09:04
INFO: Executing script --> 27/12/2023 16:10:01
INFO: End script --> 27/12/2023 16:10:03
INFO: Executing script --> 27/12/2023 16:11:01
INFO: End script --> 27/12/2023 16:11:03
INFO: Executing script --> 27/12/2023 16:12:01
INFO: End script --> 27/12/2023 16:12:03
INFO: Executing script --> 27/12/2023 16:13:02
INFO: End script --> 27/12/2023 16:13:04
INFO: Executing script --> 27/12/2023 16:14:01
INFO: End script --> 27/12/2023 16:14:03
INFO: Executing script --> 27/12/2023 16:15:01
INFO: End script --> 27/12/2023 16:15:03
INFO: Executing script --> 27/12/2023 16:16:01
INFO: End script --> 27/12/2023 16:16:03
INFO: Executing script --> 27/12/2023 16:17:02
OK:  OT 207044   ['jmstanley@imiflex.cl', 'mvalenzuela@imiflex.cl', 'cgutierrez@imiflex.cl', 'jmstanley@imiflex.cl', 'mvalenzuela@imiflex.cl', 'cgutierrez@imiflex.cl']   27/12/2023 16:17:06
OK: Updating status  OT 207044   ['jmstanley@imiflex.cl', 'mvalenzuela@imiflex.cl', 'cgutierrez@imiflex.cl', 'jmstanley@imiflex.cl', 'mvalenzuela@imiflex.cl', 'cgutierrez@imiflex.cl']   27/12/2023 16:17:06
INFO: End script --> 27/12/2023 16:17:06
INFO: Executing script --> 27/12/2023 16:18:01
INFO: End script --> 27/12/2023 16:18:04
INFO: Executing script --> 27/12/2023 16:19:01
INFO: End script --> 27/12/2023 16:19:03
INFO: Executing script --> 27/12/2023 16:20:01
INFO: End script --> 27/12/2023 16:20:03
INFO: Executing script --> 27/12/2023 16:21:01
INFO: End script --> 27/12/2023 16:21:04
INFO: Executing script --> 27/12/2023 16:22:01
INFO: End script --> 27/12/2023 16:22:03
INFO: Executing script --> 27/12/2023 16:23:01
INFO: End script --> 27/12/2023 16:23:03
INFO: Executing script --> 27/12/2023 16:24:01
INFO: End script --> 27/12/2023 16:24:03
INFO: Executing script --> 27/12/2023 16:25:01
INFO: End script --> 27/12/2023 16:25:03
INFO: Executing script --> 27/12/2023 16:26:01
INFO: End script --> 27/12/2023 16:26:03
INFO: Executing script --> 27/12/2023 16:27:01
INFO: End script --> 27/12/2023 16:27:03
INFO: Executing script --> 27/12/2023 16:28:02
INFO: End script --> 27/12/2023 16:28:04
INFO: Executing script --> 27/12/2023 16:29:01
INFO: End script --> 27/12/2023 16:29:03
INFO: Executing script --> 27/12/2023 16:30:01
INFO: End script --> 27/12/2023 16:30:03
INFO: Executing script --> 28/12/2023 13:16:17
INFO: End script --> 28/12/2023 13:16:20
INFO: Executing script --> 28/12/2023 13:17:01
INFO: End script --> 28/12/2023 13:17:09
INFO: Executing script --> 28/12/2023 13:18:01
ERROR: Conecting to SMTP  [Errno -3] Temporary failure in name resolution --> 28/12/2023 13:18:06
INFO: Executing script --> 28/12/2023 13:19:01
ERROR: Conecting to SMTP  [Errno -3] Temporary failure in name resolution --> 28/12/2023 13:19:01
INFO: Executing script --> 28/12/2023 13:20:01
ERROR: Conecting to SMTP  [Errno -3] Temporary failure in name resolution --> 28/12/2023 13:20:07
INFO: Executing script --> 28/12/2023 13:21:01
ERROR: Conecting to SMTP  [Errno -3] Temporary failure in name resolution --> 28/12/2023 13:21:01
INFO: Executing script --> 28/12/2023 13:22:01
ERROR: Conecting to SMTP  [Errno -3] Temporary failure in name resolution --> 28/12/2023 13:22:01
INFO: Executing script --> 28/12/2023 13:23:01
ERROR: Conecting to SMTP  [Errno -3] Temporary failure in name resolution --> 28/12/2023 13:23:12
INFO: Executing script --> 28/12/2023 13:24:01
ERROR: Conecting to SMTP  [Errno -5] No address associated with hostname --> 28/12/2023 13:24:01
INFO: Executing script --> 28/12/2023 13:25:01
INFO: End script --> 28/12/2023 13:25:04
INFO: Executing script --> 28/12/2023 13:26:01
INFO: End script --> 28/12/2023 13:26:03
INFO: Executing script --> 28/12/2023 13:27:01
OK:  OT 206859   ['frunge@gmail.com', 'asepulveda@imicar.cl', 'isaac@smartgraphics.cl', 'jmstanley@imiflex.cl', 'mvalenzuela@imiflex.cl', 'cgutierrez@imiflex.cl']   28/12/2023 13:27:05
OK: Updating status  OT 206859   ['frunge@gmail.com', 'asepulveda@imicar.cl', 'isaac@smartgraphics.cl', 'jmstanley@imiflex.cl', 'mvalenzuela@imiflex.cl', 'cgutierrez@imiflex.cl']   28/12/2023 13:27:05
INFO: End script --> 28/12/2023 13:27:06
INFO: Executing script --> 28/12/2023 13:28:01
INFO: End script --> 28/12/2023 13:28:03
INFO: Executing script --> 28/12/2023 13:29:01
INFO: End script --> 28/12/2023 13:29:03
INFO: Executing script --> 28/12/2023 13:30:01
INFO: End script --> 28/12/2023 13:30:04
INFO: Executing script --> 28/12/2023 13:31:01
INFO: End script --> 28/12/2023 13:31:03
INFO: Executing script --> 28/12/2023 13:32:01
OK:  OT 206859   ['frunge@gmail.com', 'asepulveda@imicar.cl', 'isaac@smartgraphics.cl', 'frunge@runing-ti.cl', 'jmstanley@imiflex.cl', 'mvalenzuela@imiflex.cl', 'cgutierrez@imiflex.cl']   28/12/2023 13:32:06
OK: Updating status  OT 206859   ['frunge@gmail.com', 'asepulveda@imicar.cl', 'isaac@smartgraphics.cl', 'frunge@runing-ti.cl', 'jmstanley@imiflex.cl', 'mvalenzuela@imiflex.cl', 'cgutierrez@imiflex.cl']   28/12/2023 13:32:06
INFO: End script --> 28/12/2023 13:32:06
INFO: Executing script --> 28/12/2023 13:33:01
INFO: End script --> 28/12/2023 13:33:03
INFO: Executing script --> 28/12/2023 13:34:01
INFO: End script --> 28/12/2023 13:34:04
INFO: Executing script --> 28/12/2023 13:35:01
INFO: End script --> 28/12/2023 13:35:03
INFO: Executing script --> 28/12/2023 13:36:01
INFO: End script --> 28/12/2023 13:36:03
ERROR: Attaching image  [Errno 2] No such file or directory: 'ingreso_ot.png'  --> 04/01/2024 14:51:04
OK:  OT 207075   ['frunge@gmail.com', 'isaac@smartgraphics.cl']   04/01/2024 14:51:06
OK: Updating status  OT 207075   ['frunge@gmail.com', 'isaac@smartgraphics.cl']   04/01/2024 14:51:06
ERROR: Attaching image  [Errno 2] No such file or directory: './ingreso_ot.png'  --> 04/01/2024 14:54:03
OK:  OT 207075   ['frunge@gmail.com', 'isaac@smartgraphics.cl']   04/01/2024 14:54:04
OK: Updating status  OT 207075   ['frunge@gmail.com', 'isaac@smartgraphics.cl']   04/01/2024 14:54:04
OK:  OT 207075   ['frunge@gmail.com', 'isaac@smartgraphics.cl']   04/01/2024 15:00:05
OK: Updating status  OT 207075   ['frunge@gmail.com', 'isaac@smartgraphics.cl']   04/01/2024 15:00:05
OK:  OT 207075   ['frunge@gmail.com', 'isaac@smartgraphics.cl']   04/01/2024 15:01:05
OK: Updating status  OT 207075   ['frunge@gmail.com', 'isaac@smartgraphics.cl']   04/01/2024 15:01:05
OK:  OT 207068   ['frunge@gmail.com', 'jmstanley@imiflex.cl', 'mvalenzuela@imiflex.cl', 'cgutierrez@imiflex.cl']   04/01/2024 15:02:05
OK: Updating status  OT 207068   ['frunge@gmail.com', 'jmstanley@imiflex.cl', 'mvalenzuela@imiflex.cl', 'cgutierrez@imiflex.cl']   04/01/2024 15:02:05
OK:  OT 207081   ['frunge@gmail.com', 'jmstanley@imiflex.cl', 'mvalenzuela@imiflex.cl', 'cgutierrez@imiflex.cl']   04/01/2024 15:07:05
OK: Updating status  OT 207081   ['frunge@gmail.com', 'jmstanley@imiflex.cl', 'mvalenzuela@imiflex.cl', 'cgutierrez@imiflex.cl']   04/01/2024 15:07:05
OK:  OT 207003   ['frunge@gmail.com', 'jmstanley@imiflex.cl', 'mvalenzuela@imiflex.cl', 'cgutierrez@imiflex.cl']   04/01/2024 15:09:05
OK: Updating status  OT 207003   ['frunge@gmail.com', 'jmstanley@imiflex.cl', 'mvalenzuela@imiflex.cl', 'cgutierrez@imiflex.cl']   04/01/2024 15:09:05
OK:  OT 207004   ['frunge@gmail.com', 'jmstanley@imiflex.cl', 'mvalenzuela@imiflex.cl', 'cgutierrez@imiflex.cl']   04/01/2024 15:09:07
OK: Updating status  OT 207004   ['frunge@gmail.com', 'jmstanley@imiflex.cl', 'mvalenzuela@imiflex.cl', 'cgutierrez@imiflex.cl']   04/01/2024 15:09:07
OK:  OT 207075   ['frunge@gmail.com', 'isaac@smartgraphics.cl']   04/01/2024 15:10:05
OK: Updating status  OT 207075   ['frunge@gmail.com', 'isaac@smartgraphics.cl']   04/01/2024 15:10:05
OK:  OT 207075   ['frunge@gmail.com', 'isaac@smartgraphics.cl']   04/01/2024 15:12:04
OK: Updating status  OT 207075   ['frunge@gmail.com', 'isaac@smartgraphics.cl']   04/01/2024 15:12:04
OK:  OT 207075   ['frunge@gmail.com', 'isaac@smartgraphics.cl']   04/01/2024 15:14:05
OK: Updating status  OT 207075   ['frunge@gmail.com', 'isaac@smartgraphics.cl']   04/01/2024 15:14:05
